<?xml version="1.0" encoding="UTF-8"?>
<!-- Generated by org.testng.reporters.JUnitXMLReporter -->
<testsuite ignored="0" hostname="Yoga6iRohit" failures="0" tests="4" name="Default test" time="10.774" errors="0" timestamp="2024-04-14T14:26:35 IST">
  <testcase classname="api.test.UserTests" name="testPostUser" time="2.913"/>
  <testcase classname="api.test.UserTests" name="testGetUserByName" time="1.822"/>
  <testcase classname="api.test.UserTests" name="testUpdateUserByName" time="3.961"/>
  <testcase classname="api.test.UserTests" name="testDeleteUserByName" time="1.262"/>
</testsuite> <!-- Default test -->
