<?xml version="1.0" encoding="UTF-8"?>
<!-- Generated by org.testng.reporters.JUnitXMLReporter -->
<testsuite ignored="0" hostname="Yoga6iRohit" failures="0" tests="4" name="PetTests" time="14.748" errors="0" timestamp="2024-04-16T20:41:07 IST">
  <testcase classname="api.test.UserTests2" name="testPostUser" time="4.877"/>
  <testcase classname="api.test.UserTests2" name="testGetUserByName" time="2.953"/>
  <testcase classname="api.test.UserTests2" name="testUpdateUserByName" time="4.08"/>
  <testcase classname="api.test.UserTests2" name="testDeleteUserByName" time="1.935"/>
</testsuite> <!-- PetTests -->
